<?xml version="1.0" encoding="UTF-8" ?>
<testsuite tests="21" failures="0" name="TestSuite" time="0.795" errors="0" skipped="0">
  <properties>
    <property name="java.runtime.name" value="Java(TM) SE Runtime Environment"/>
    <property name="java.vm.version" value="13.0.2+8"/>
    <property name="sun.boot.library.path" value="C:\Program Files (x86)\Java\jdk-13.0.2\bin"/>
    <property name="maven.multiModuleProjectDirectory" value="C:\Users\Bienvenido\IdeaProjects\CucumberBaby1"/>
    <property name="java.vm.vendor" value="Oracle Corporation"/>
    <property name="java.vendor.url" value="https://java.oracle.com/"/>
    <property name="guice.disable.misplaced.annotation.check" value="true"/>
    <property name="path.separator" value=";"/>
    <property name="java.vm.name" value="Java HotSpot(TM) 64-Bit Server VM"/>
    <property name="sun.os.patch.level" value=""/>
    <property name="user.script" value=""/>
    <property name="user.country" value="US"/>
    <property name="sun.java.launcher" value="SUN_STANDARD"/>
    <property name="java.vm.specification.name" value="Java Virtual Machine Specification"/>
    <property name="user.dir" value="C:\Users\Bienvenido\IdeaProjects\CucumberBaby1"/>
    <property name="java.vm.compressedOopsMode" value="Zero based"/>
    <property name="java.runtime.version" value="13.0.2+8"/>
    <property name="os.arch" value="amd64"/>
    <property name="java.io.tmpdir" value="C:\Users\BIENVE~1\AppData\Local\Temp\"/>
    <property name="line.separator" value="
"/>
    <property name="java.vm.specification.vendor" value="Oracle Corporation"/>
    <property name="user.variant" value=""/>
    <property name="os.name" value="Windows 10"/>
    <property name="idea.version2020.1" value="true"/>
    <property name="maven.ext.class.path" value="D:\Program Files\JetBrains\IntelliJ IDEA Community Edition 2020.1\plugins\maven\lib\maven-event-listener.jar"/>
    <property name="classworlds.conf" value="D:\Program Files\JetBrains\IntelliJ IDEA Community Edition 2020.1\plugins\maven\lib\maven3\bin\m2.conf"/>
    <property name="sun.jnu.encoding" value="Cp1252"/>
    <property name="java.library.path" value="C:\Program Files (x86)\Java\jdk-13.0.2\bin;C:\Windows\Sun\Java\bin;C:\Windows\system32;C:\Windows;C:\Program Files (x86)\Common Files\Oracle\Java\javapath;C:\Python27\;C:\Python27\Scripts;C:\Program Files\Microsoft MPI\Bin\;C:\Windows\system32;C:\Windows;C:\Windows\System32\Wbem;C:\Windows\System32\WindowsPowerShell\v1.0\;C:\Windows\System32\OpenSSH\;C:\Program Files\dotnet\;C:\Program Files\Microsoft SQL Server\130\Tools\Binn\;C:\Program Files\Microsoft SQL Server\Client SDK\ODBC\170\Tools\Binn\;C:\Program Files (x86)\Microsoft SQL Server\150\Tools\Binn\;C:\Program Files\Microsoft SQL Server\150\Tools\Binn\;C:\Program Files (x86)\Microsoft SQL Server\150\DTS\Binn\;C:\Program Files\Microsoft SQL Server\150\DTS\Binn\;C:\Program Files\Git\cmd;C:\Program Files\nodejs\;C:\ProgramData\chocolatey\bin;d:\Program Files (x86)\Brackets\command;C:\Program Files (x86)\Java\jdk-13.0.2\\bin;C:\Users\Bienvenido\AppData\Local\Microsoft\WindowsApps;;C:\Users\Bienvenido\AppData\Local\Programs\Microsoft VS Code\bin;C:\Users\Bienvenido\AppData\Roaming\npm;d:\Program Files\JetBrains\IntelliJ IDEA Community Edition 2020.1\bin;;."/>
    <property name="maven.conf" value="D:\Program Files\JetBrains\IntelliJ IDEA Community Edition 2020.1\plugins\maven\lib\maven3/conf"/>
    <property name="jdk.debug" value="release"/>
    <property name="java.class.version" value="57.0"/>
    <property name="java.specification.name" value="Java Platform API Specification"/>
    <property name="sun.management.compiler" value="HotSpot 64-Bit Tiered Compilers"/>
    <property name="os.version" value="10.0"/>
    <property name="user.home" value="C:\Users\Bienvenido"/>
    <property name="user.timezone" value="America/Mexico_City"/>
    <property name="file.encoding" value="UTF-8"/>
    <property name="java.specification.version" value="13"/>
    <property name="user.name" value="Bienvenido"/>
    <property name="java.class.path" value="D:\Program Files\JetBrains\IntelliJ IDEA Community Edition 2020.1\plugins\maven\lib\maven3\boot\plexus-classworlds-2.6.0.jar"/>
    <property name="java.vm.specification.version" value="13"/>
    <property name="sun.arch.data.model" value="64"/>
    <property name="sun.java.command" value="org.codehaus.classworlds.Launcher -Didea.version2020.1 package"/>
    <property name="java.home" value="C:\Program Files (x86)\Java\jdk-13.0.2"/>
    <property name="user.language" value="en"/>
    <property name="java.specification.vendor" value="Oracle Corporation"/>
    <property name="java.vm.info" value="mixed mode, sharing"/>
    <property name="java.version" value="13.0.2"/>
    <property name="java.vendor" value="Oracle Corporation"/>
    <property name="maven.home" value="D:\Program Files\JetBrains\IntelliJ IDEA Community Edition 2020.1\plugins\maven\lib\maven3"/>
    <property name="file.separator" value="\"/>
    <property name="java.version.date" value="2020-01-14"/>
    <property name="java.vendor.url.bug" value="https://bugreport.java.com/bugreport/"/>
    <property name="sun.io.unicode.encoding" value="UnicodeLittle"/>
    <property name="sun.cpu.endian" value="little"/>
    <property name="sun.cpu.isalist" value="amd64"/>
  </properties>
  <testcase classname="com.cucumberBaby.runners.TestRunner$testNGRunner" name="runScenario" time="0.273"/>
  <testcase classname="com.cucumberBaby.runners.TestRunner$testNGRunner" name="runScenario" time="0.006"/>
  <testcase classname="com.cucumberBaby.runners.TestRunner$testNGRunner" name="runScenario" time="0.01"/>
  <testcase classname="com.cucumberBaby.runners.TestRunner$testNGRunner" name="runScenario" time="0.011"/>
  <testcase classname="com.cucumberBaby.runners.TestRunner$testNGRunner" name="runScenario" time="0.012"/>
  <testcase classname="com.cucumberBaby.runners.TestRunner$testNGRunner" name="runScenario" time="0.012"/>
  <testcase classname="com.cucumberBaby.runners.TestRunner$testNGRunner" name="runScenario" time="0.011"/>
  <testcase classname="com.cucumberBaby.runners.RunCucumberByCompositionTest" name="scenario" time="0.049"/>
  <testcase classname="com.cucumberBaby.runners.RunCucumberByCompositionTest" name="scenario" time="0.063"/>
  <testcase classname="com.cucumberBaby.runners.RunCucumberByCompositionTest" name="scenario" time="0.038"/>
  <testcase classname="com.cucumberBaby.runners.RunCucumberByCompositionTest" name="scenario" time="0.038"/>
  <testcase classname="com.cucumberBaby.runners.RunCucumberByCompositionTest" name="scenario" time="0.034"/>
  <testcase classname="com.cucumberBaby.runners.RunCucumberByCompositionTest" name="scenario" time="0.005"/>
  <testcase classname="com.cucumberBaby.runners.RunCucumberByCompositionTest" name="scenario" time="0.003"/>
  <testcase classname="com.cucumberBaby.runners.TestRunner" name="runScenario" time="0.069"/>
  <testcase classname="com.cucumberBaby.runners.TestRunner" name="runScenario" time="0.023"/>
  <testcase classname="com.cucumberBaby.runners.TestRunner" name="runScenario" time="0.033"/>
  <testcase classname="com.cucumberBaby.runners.TestRunner" name="runScenario" time="0.015"/>
  <testcase classname="com.cucumberBaby.runners.TestRunner" name="runScenario" time="0.035"/>
  <testcase classname="com.cucumberBaby.runners.TestRunner" name="runScenario" time="0.025"/>
  <testcase classname="com.cucumberBaby.runners.TestRunner" name="runScenario" time="0.03"/>
</testsuite>