<?xml version="1.0" encoding="UTF-8"?>
<!-- Generated by org.testng.reporters.JUnitReportReporter -->
<testsuite hostname="DESKTOP-349155E" failures="0" tests="7" name="com.cucumberBaby.runners.TestRunner$testNGRunner" time="0.334" errors="0" timestamp="27 Apr 2020 03:33:04 GMT" skipped="0">
  <testcase classname="com.cucumberBaby.runners.TestRunner$testNGRunner" name="runScenario" time="0.011"/>
  <testcase classname="com.cucumberBaby.runners.TestRunner$testNGRunner" name="runScenario" time="0.011"/>
  <testcase classname="com.cucumberBaby.runners.TestRunner$testNGRunner" name="runScenario" time="0.269"/>
  <testcase classname="com.cucumberBaby.runners.TestRunner$testNGRunner" name="runScenario" time="0.011"/>
  <testcase classname="com.cucumberBaby.runners.TestRunner$testNGRunner" name="runScenario" time="0.010"/>
  <testcase classname="com.cucumberBaby.runners.TestRunner$testNGRunner" name="runScenario" time="0.011"/>
  <testcase classname="com.cucumberBaby.runners.TestRunner$testNGRunner" name="runScenario" time="0.011"/>
</testsuite> <!-- com.cucumberBaby.runners.TestRunner$testNGRunner -->
