<?xml version="1.0" encoding="UTF-8"?>
<!-- Generated by org.testng.reporters.JUnitReportReporter -->
<testsuite hostname="DESKTOP-349155E" failures="0" tests="7" name="com.cucumberBaby.runners.TestRunner" time="0.218" errors="0" timestamp="27 Apr 2020 03:33:04 GMT" skipped="0">
  <testcase classname="com.cucumberBaby.runners.TestRunner" name="runScenario" time="0.068"/>
  <testcase classname="com.cucumberBaby.runners.TestRunner" name="runScenario" time="0.025"/>
  <testcase classname="com.cucumberBaby.runners.TestRunner" name="runScenario" time="0.023"/>
  <testcase classname="com.cucumberBaby.runners.TestRunner" name="runScenario" time="0.016"/>
  <testcase classname="com.cucumberBaby.runners.TestRunner" name="runScenario" time="0.031"/>
  <testcase classname="com.cucumberBaby.runners.TestRunner" name="runScenario" time="0.023"/>
  <testcase classname="com.cucumberBaby.runners.TestRunner" name="runScenario" time="0.032"/>
</testsuite> <!-- com.cucumberBaby.runners.TestRunner -->
