<?xml version="1.0" encoding="UTF-8"?>
<!-- Generated by org.testng.reporters.JUnitReportReporter -->
<testsuite hostname="DESKTOP-349155E" failures="0" tests="7" name="com.cucumberBaby.runners.RunCucumberByCompositionTest" time="0.247" errors="0" timestamp="27 Apr 2020 03:33:04 GMT" skipped="0">
  <testcase classname="com.cucumberBaby.runners.RunCucumberByCompositionTest" name="scenario" time="0.041"/>
  <testcase classname="com.cucumberBaby.runners.RunCucumberByCompositionTest" name="scenario" time="0.053"/>
  <testcase classname="com.cucumberBaby.runners.RunCucumberByCompositionTest" name="scenario" time="0.040"/>
  <testcase classname="com.cucumberBaby.runners.RunCucumberByCompositionTest" name="scenario" time="0.006"/>
  <testcase classname="com.cucumberBaby.runners.RunCucumberByCompositionTest" name="scenario" time="0.063"/>
  <testcase classname="com.cucumberBaby.runners.RunCucumberByCompositionTest" name="scenario" time="0.038"/>
  <testcase classname="com.cucumberBaby.runners.RunCucumberByCompositionTest" name="scenario" time="0.006"/>
</testsuite> <!-- com.cucumberBaby.runners.RunCucumberByCompositionTest -->
